<?xml version="1.0" encoding="UTF-8"?>
<!-- Generated by org.testng.reporters.JUnitXMLReporter -->
<testsuite hostname="LAPTOP-U6N7CFLI" ignored="1" name="Default test" tests="6" failures="0" timestamp="03 Apr 2017 21:13:28 GMT" time="196.617" errors="0">
  <testcase name="CreditCardPayment" time="0.034" classname="PackTwo.DependencyAnnot"/>
  <testcase name="LogiPage" time="0.002" classname="PackTwo.DependencyAnnot"/>
  <testcase name="OpeningBrowser" time="95.762" classname="PackTwo.DependencyAnnot"/>
  <testcase name="Login" time="100.756" classname="PackTwo.TestBaseClass"/>
  <testcase name="FlightBooking" time="0.001" classname="PackTwo.DependencyAnnot"/>
  <testcase name="HomePage" time="0.002" classname="PackTwo.DependencyAnnot"/>
  <testcase name="PaymentPage" time="0.0" classname="PackTwo.DependencyAnnot">
    <ignored/>
  </testcase> <!-- PaymentPage -->
</testsuite> <!-- Default test -->
